This file contains any messages produced by compilers while
running configure, to aid debugging if configure makes a mistake.

It was created by libsecp256k1 configure 0.1, which was
generated by GNU Autoconf 2.69.  Invocation command line was

  $ /root/crowdwiz-core/libraries/fc/vendor/secp256k1-zkp/configure --prefix=/root/crowdwiz-core/libraries/fc/vendor/secp256k1-zkp --with-bignum=no

## --------- ##
## Platform. ##
## --------- ##

hostname = a547fc60686b
uname -m = x86_64
uname -r = 4.19.76-linuxkit
uname -s = Linux
uname -v = #1 SMP Thu Oct 17 19:31:58 UTC 2019

/usr/bin/uname -p = unknown
/bin/uname -X     = unknown

/bin/arch              = unknown
/usr/bin/arch -k       = unknown
/usr/convex/getsysinfo = unknown
/usr/bin/hostinfo      = unknown
/bin/machine           = unknown
/usr/bin/oslevel       = unknown
/bin/universe          = unknown

PATH: /usr/local/sbin
PATH: /usr/local/bin
PATH: /usr/sbin
PATH: /usr/bin
PATH: /sbin
PATH: /bin
PATH: /root/.local/bin


## ----------- ##
## Core tests. ##
## ----------- ##

configure:2352: checking build system type
configure:2366: result: x86_64-pc-linux-gnu
configure:2386: checking host system type
configure:2399: result: x86_64-pc-linux-gnu
configure:2438: checking for a BSD-compatible install
configure:2506: result: /usr/bin/install -c
configure:2517: checking whether build environment is sane
configure:2572: result: yes
configure:2723: checking for a thread-safe mkdir -p
configure:2762: result: /bin/mkdir -p
configure:2769: checking for gawk
configure:2799: result: no
configure:2769: checking for mawk
configure:2785: found /usr/bin/mawk
configure:2796: result: mawk
configure:2807: checking whether make sets $(MAKE)
configure:2829: result: yes
configure:2858: checking whether make supports nested variables
configure:2875: result: yes
configure:3047: checking how to print strings
configure:3074: result: printf
configure:3107: checking for style of include used by make
configure:3135: result: GNU
configure:3206: checking for gcc
configure:3222: found /usr/bin/gcc
configure:3233: result: gcc
configure:3462: checking for C compiler version
configure:3471: gcc --version >&5
gcc (Ubuntu 7.5.0-3ubuntu1~18.04) 7.5.0
Copyright (C) 2017 Free Software Foundation, Inc.
This is free software; see the source for copying conditions.  There is NO
warranty; not even for MERCHANTABILITY or FITNESS FOR A PARTICULAR PURPOSE.

configure:3482: $? = 0
configure:3471: gcc -v >&5
Using built-in specs.
COLLECT_GCC=gcc
COLLECT_LTO_WRAPPER=/usr/lib/gcc/x86_64-linux-gnu/7/lto-wrapper
OFFLOAD_TARGET_NAMES=nvptx-none
OFFLOAD_TARGET_DEFAULT=1
Target: x86_64-linux-gnu
Configured with: ../src/configure -v --with-pkgversion='Ubuntu 7.5.0-3ubuntu1~18.04' --with-bugurl=file:///usr/share/doc/gcc-7/README.Bugs --enable-languages=c,ada,c++,go,brig,d,fortran,objc,obj-c++ --prefix=/usr --with-gcc-major-version-only --program-suffix=-7 --program-prefix=x86_64-linux-gnu- --enable-shared --enable-linker-build-id --libexecdir=/usr/lib --without-included-gettext --enable-threads=posix --libdir=/usr/lib --enable-nls --enable-bootstrap --enable-clocale=gnu --enable-libstdcxx-debug --enable-libstdcxx-time=yes --with-default-libstdcxx-abi=new --enable-gnu-unique-object --disable-vtable-verify --enable-libmpx --enable-plugin --enable-default-pie --with-system-zlib --with-target-system-zlib --enable-objc-gc=auto --enable-multiarch --disable-werror --with-arch-32=i686 --with-abi=m64 --with-multilib-list=m32,m64,mx32 --enable-multilib --with-tune=generic --enable-offload-targets=nvptx-none --without-cuda-driver --enable-checking=release --build=x86_64-linux-gnu --host=x86_64-linux-gnu --target=x86_64-linux-gnu
Thread model: posix
gcc version 7.5.0 (Ubuntu 7.5.0-3ubuntu1~18.04) 
configure:3482: $? = 0
configure:3471: gcc -V >&5
gcc: error: unrecognized command line option '-V'
gcc: fatal error: no input files
compilation terminated.
configure:3482: $? = 1
configure:3471: gcc -qversion >&5
gcc: error: unrecognized command line option '-qversion'; did you mean '--version'?
gcc: fatal error: no input files
compilation terminated.
configure:3482: $? = 1
configure:3502: checking whether the C compiler works
configure:3524: gcc    conftest.c  >&5
configure:3528: $? = 0
configure:3576: result: yes
configure:3579: checking for C compiler default output file name
configure:3581: result: a.out
configure:3587: checking for suffix of executables
configure:3594: gcc -o conftest    conftest.c  >&5
configure:3598: $? = 0
configure:3620: result: 
configure:3642: checking whether we are cross compiling
configure:3650: gcc -o conftest    conftest.c  >&5
configure:3654: $? = 0
configure:3661: ./conftest
configure:3665: $? = 0
configure:3680: result: no
configure:3685: checking for suffix of object files
configure:3707: gcc -c   conftest.c >&5
configure:3711: $? = 0
configure:3732: result: o
configure:3736: checking whether we are using the GNU C compiler
configure:3755: gcc -c   conftest.c >&5
configure:3755: $? = 0
configure:3764: result: yes
configure:3773: checking whether gcc accepts -g
configure:3793: gcc -c -g  conftest.c >&5
configure:3793: $? = 0
configure:3834: result: yes
configure:3851: checking for gcc option to accept ISO C89
configure:3914: gcc  -c -g -O2  conftest.c >&5
configure:3914: $? = 0
configure:3927: result: none needed
configure:3952: checking whether gcc understands -c and -o together
configure:3974: gcc -c conftest.c -o conftest2.o
configure:3977: $? = 0
configure:3974: gcc -c conftest.c -o conftest2.o
configure:3977: $? = 0
configure:3989: result: yes
configure:4008: checking dependency style of gcc
configure:4119: result: gcc3
configure:4134: checking for a sed that does not truncate output
configure:4198: result: /bin/sed
configure:4216: checking for grep that handles long lines and -e
configure:4274: result: /bin/grep
configure:4279: checking for egrep
configure:4341: result: /bin/grep -E
configure:4346: checking for fgrep
configure:4408: result: /bin/grep -F
configure:4443: checking for ld used by gcc
configure:4510: result: /usr/bin/ld
configure:4517: checking if the linker (/usr/bin/ld) is GNU ld
configure:4532: result: yes
configure:4544: checking for BSD- or MS-compatible name lister (nm)
configure:4598: result: /usr/bin/nm -B
configure:4728: checking the name lister (/usr/bin/nm -B) interface
configure:4735: gcc -c -g -O2  conftest.c >&5
configure:4738: /usr/bin/nm -B "conftest.o"
configure:4741: output
0000000000000000 B some_variable
configure:4748: result: BSD nm
configure:4751: checking whether ln -s works
configure:4755: result: yes
configure:4763: checking the maximum length of command line arguments
configure:4894: result: 1572864
configure:4942: checking how to convert x86_64-pc-linux-gnu file names to x86_64-pc-linux-gnu format
configure:4982: result: func_convert_file_noop
configure:4989: checking how to convert x86_64-pc-linux-gnu file names to toolchain format
configure:5009: result: func_convert_file_noop
configure:5016: checking for /usr/bin/ld option to reload object files
configure:5023: result: -r
configure:5097: checking for objdump
configure:5113: found /usr/bin/objdump
configure:5124: result: objdump
configure:5156: checking how to recognize dependent libraries
configure:5356: result: pass_all
configure:5441: checking for dlltool
configure:5471: result: no
configure:5501: checking how to associate runtime and link libraries
configure:5528: result: printf %s\n
configure:5589: checking for ar
configure:5605: found /usr/bin/ar
configure:5616: result: ar
configure:5653: checking for archiver @FILE support
configure:5670: gcc -c -g -O2  conftest.c >&5
configure:5670: $? = 0
configure:5673: ar cru libconftest.a @conftest.lst >&5
ar: `u' modifier ignored since `D' is the default (see `U')
configure:5676: $? = 0
configure:5681: ar cru libconftest.a @conftest.lst >&5
ar: `u' modifier ignored since `D' is the default (see `U')
ar: conftest.o: No such file or directory
configure:5684: $? = 1
configure:5696: result: @
configure:5754: checking for strip
configure:5770: found /usr/bin/strip
configure:5781: result: strip
configure:5853: checking for ranlib
configure:5869: found /usr/bin/ranlib
configure:5880: result: ranlib
configure:5982: checking command to parse /usr/bin/nm -B output from gcc object
configure:6135: gcc -c -g -O2  conftest.c >&5
configure:6138: $? = 0
configure:6142: /usr/bin/nm -B conftest.o \| sed -n -e 's/^.*[ ]\([ABCDGIRSTW][ABCDGIRSTW]*\)[ ][ ]*\([_A-Za-z][_A-Za-z0-9]*\)$/\1 \2 \2/p' | sed '/ __gnu_lto/d' \> conftest.nm
configure:6145: $? = 0
configure:6211: gcc -o conftest -g -O2   conftest.c conftstm.o >&5
configure:6214: $? = 0
configure:6252: result: ok
configure:6299: checking for sysroot
configure:6329: result: no
configure:6336: checking for a working dd
configure:6374: result: /bin/dd
configure:6378: checking how to truncate binary pipes
configure:6393: result: /bin/dd bs=4096 count=1
configure:6529: gcc -c -g -O2  conftest.c >&5
configure:6532: $? = 0
configure:6722: checking for mt
configure:6752: result: no
configure:6772: checking if : is a manifest tool
configure:6778: : '-?'
configure:6786: result: no
configure:7463: checking how to run the C preprocessor
configure:7494: gcc -E  conftest.c
configure:7494: $? = 0
configure:7508: gcc -E  conftest.c
conftest.c:11:10: fatal error: ac_nonexistent.h: No such file or directory
 #include <ac_nonexistent.h>
          ^~~~~~~~~~~~~~~~~~
compilation terminated.
configure:7508: $? = 1
configure: failed program was:
| /* confdefs.h */
| #define PACKAGE_NAME "libsecp256k1"
| #define PACKAGE_TARNAME "libsecp256k1"
| #define PACKAGE_VERSION "0.1"
| #define PACKAGE_STRING "libsecp256k1 0.1"
| #define PACKAGE_BUGREPORT ""
| #define PACKAGE_URL ""
| #define PACKAGE "libsecp256k1"
| #define VERSION "0.1"
| /* end confdefs.h.  */
| #include <ac_nonexistent.h>
configure:7533: result: gcc -E
configure:7553: gcc -E  conftest.c
configure:7553: $? = 0
configure:7567: gcc -E  conftest.c
conftest.c:11:10: fatal error: ac_nonexistent.h: No such file or directory
 #include <ac_nonexistent.h>
          ^~~~~~~~~~~~~~~~~~
compilation terminated.
configure:7567: $? = 1
configure: failed program was:
| /* confdefs.h */
| #define PACKAGE_NAME "libsecp256k1"
| #define PACKAGE_TARNAME "libsecp256k1"
| #define PACKAGE_VERSION "0.1"
| #define PACKAGE_STRING "libsecp256k1 0.1"
| #define PACKAGE_BUGREPORT ""
| #define PACKAGE_URL ""
| #define PACKAGE "libsecp256k1"
| #define VERSION "0.1"
| /* end confdefs.h.  */
| #include <ac_nonexistent.h>
configure:7596: checking for ANSI C header files
configure:7616: gcc -c -g -O2  conftest.c >&5
configure:7616: $? = 0
configure:7689: gcc -o conftest -g -O2   conftest.c  >&5
configure:7689: $? = 0
configure:7689: ./conftest
configure:7689: $? = 0
configure:7700: result: yes
configure:7713: checking for sys/types.h
configure:7713: gcc -c -g -O2  conftest.c >&5
configure:7713: $? = 0
configure:7713: result: yes
configure:7713: checking for sys/stat.h
configure:7713: gcc -c -g -O2  conftest.c >&5
configure:7713: $? = 0
configure:7713: result: yes
configure:7713: checking for stdlib.h
configure:7713: gcc -c -g -O2  conftest.c >&5
configure:7713: $? = 0
configure:7713: result: yes
configure:7713: checking for string.h
configure:7713: gcc -c -g -O2  conftest.c >&5
configure:7713: $? = 0
configure:7713: result: yes
configure:7713: checking for memory.h
configure:7713: gcc -c -g -O2  conftest.c >&5
configure:7713: $? = 0
configure:7713: result: yes
configure:7713: checking for strings.h
configure:7713: gcc -c -g -O2  conftest.c >&5
configure:7713: $? = 0
configure:7713: result: yes
configure:7713: checking for inttypes.h
configure:7713: gcc -c -g -O2  conftest.c >&5
configure:7713: $? = 0
configure:7713: result: yes
configure:7713: checking for stdint.h
configure:7713: gcc -c -g -O2  conftest.c >&5
configure:7713: $? = 0
configure:7713: result: yes
configure:7713: checking for unistd.h
configure:7713: gcc -c -g -O2  conftest.c >&5
configure:7713: $? = 0
configure:7713: result: yes
configure:7727: checking for dlfcn.h
configure:7727: gcc -c -g -O2  conftest.c >&5
configure:7727: $? = 0
configure:7727: result: yes
configure:7983: checking for objdir
configure:7998: result: .libs
configure:8262: checking if gcc supports -fno-rtti -fno-exceptions
configure:8280: gcc -c -g -O2  -fno-rtti -fno-exceptions conftest.c >&5
cc1: warning: command line option '-fno-rtti' is valid for C++/ObjC++ but not for C
configure:8284: $? = 0
configure:8297: result: no
configure:8655: checking for gcc option to produce PIC
configure:8662: result: -fPIC -DPIC
configure:8670: checking if gcc PIC flag -fPIC -DPIC works
configure:8688: gcc -c -g -O2  -fPIC -DPIC -DPIC conftest.c >&5
configure:8692: $? = 0
configure:8705: result: yes
configure:8734: checking if gcc static flag -static works
configure:8762: result: yes
configure:8777: checking if gcc supports -c -o file.o
configure:8798: gcc -c -g -O2  -o out/conftest2.o conftest.c >&5
configure:8802: $? = 0
configure:8824: result: yes
configure:8832: checking if gcc supports -c -o file.o
configure:8879: result: yes
configure:8912: checking whether the gcc linker (/usr/bin/ld -m elf_x86_64) supports shared libraries
configure:10175: result: yes
configure:10212: checking whether -lc should be explicitly linked in
configure:10220: gcc -c -g -O2  conftest.c >&5
configure:10223: $? = 0
configure:10238: gcc -shared  -fPIC -DPIC conftest.o  -v -Wl,-soname -Wl,conftest -o conftest 2\>\&1 \| /bin/grep  -lc  \>/dev/null 2\>\&1
configure:10241: $? = 0
configure:10255: result: no
configure:10415: checking dynamic linker characteristics
configure:10996: gcc -o conftest -g -O2   -Wl,-rpath -Wl,/foo conftest.c  >&5
configure:10996: $? = 0
configure:11245: result: GNU/Linux ld.so
configure:11367: checking how to hardcode library paths into programs
configure:11392: result: immediate
configure:11940: checking whether stripping libraries is possible
configure:11945: result: yes
configure:11980: checking if libtool supports shared libraries
configure:11982: result: yes
configure:11985: checking whether to build shared libraries
configure:12010: result: yes
configure:12013: checking whether to build static libraries
configure:12017: result: yes
configure:12066: checking whether make supports nested variables
configure:12083: result: yes
configure:12149: checking for pkg-config
configure:12167: found /usr/bin/pkg-config
configure:12179: result: /usr/bin/pkg-config
configure:12204: checking pkg-config is at least version 0.9.0
configure:12207: result: yes
configure:12262: checking for ar
configure:12280: found /usr/bin/ar
configure:12292: result: /usr/bin/ar
configure:12360: checking for ranlib
configure:12378: found /usr/bin/ranlib
configure:12390: result: /usr/bin/ranlib
configure:12458: checking for strip
configure:12476: found /usr/bin/strip
configure:12488: result: /usr/bin/strip
configure:12515: checking for gcc option to accept ISO C89
configure:12591: result: none needed
configure:12729: checking if gcc supports -std=c89 -pedantic -Wall -Wextra -Wcast-align -Wnested-externs -Wshadow -Wstrict-prototypes -Wno-unused-function -Wno-long-long -Wno-overlength-strings
configure:12735: gcc -c -g -O2 -W -std=c89 -pedantic -Wall -Wextra -Wcast-align -Wnested-externs -Wshadow -Wstrict-prototypes -Wno-unused-function -Wno-long-long -Wno-overlength-strings  conftest.c >&5
configure:12735: $? = 0
configure:12736: result: yes
configure:12807: checking for __int128
configure:12807: gcc -c -g -O2 -W -std=c89 -pedantic -Wall -Wextra -Wcast-align -Wnested-externs -Wshadow -Wstrict-prototypes -Wno-unused-function -Wno-long-long -Wno-overlength-strings  conftest.c >&5
conftest.c:57:1: warning: function declaration isn't a prototype [-Wstrict-prototypes]
 main ()
 ^~~~
conftest.c: In function 'main':
conftest.c:59:13: warning: ISO C does not support '__int128' types [-Wpedantic]
 if (sizeof (__int128))
             ^~~~~~~~
configure:12807: $? = 0
configure:12807: gcc -c -g -O2 -W -std=c89 -pedantic -Wall -Wextra -Wcast-align -Wnested-externs -Wshadow -Wstrict-prototypes -Wno-unused-function -Wno-long-long -Wno-overlength-strings  conftest.c >&5
conftest.c:57:1: warning: function declaration isn't a prototype [-Wstrict-prototypes]
 main ()
 ^~~~
conftest.c: In function 'main':
conftest.c:59:14: warning: ISO C does not support '__int128' types [-Wpedantic]
 if (sizeof ((__int128)))
              ^~~~~~~~
conftest.c:59:23: error: expected expression before ')' token
 if (sizeof ((__int128)))
                       ^
configure:12807: $? = 1
configure: failed program was:
| /* confdefs.h */
| #define PACKAGE_NAME "libsecp256k1"
| #define PACKAGE_TARNAME "libsecp256k1"
| #define PACKAGE_VERSION "0.1"
| #define PACKAGE_STRING "libsecp256k1 0.1"
| #define PACKAGE_BUGREPORT ""
| #define PACKAGE_URL ""
| #define PACKAGE "libsecp256k1"
| #define VERSION "0.1"
| #define STDC_HEADERS 1
| #define HAVE_SYS_TYPES_H 1
| #define HAVE_SYS_STAT_H 1
| #define HAVE_STDLIB_H 1
| #define HAVE_STRING_H 1
| #define HAVE_MEMORY_H 1
| #define HAVE_STRINGS_H 1
| #define HAVE_INTTYPES_H 1
| #define HAVE_STDINT_H 1
| #define HAVE_UNISTD_H 1
| #define HAVE_DLFCN_H 1
| #define LT_OBJDIR ".libs/"
| /* end confdefs.h.  */
| #include <stdio.h>
| #ifdef HAVE_SYS_TYPES_H
| # include <sys/types.h>
| #endif
| #ifdef HAVE_SYS_STAT_H
| # include <sys/stat.h>
| #endif
| #ifdef STDC_HEADERS
| # include <stdlib.h>
| # include <stddef.h>
| #else
| # ifdef HAVE_STDLIB_H
| #  include <stdlib.h>
| # endif
| #endif
| #ifdef HAVE_STRING_H
| # if !defined STDC_HEADERS && defined HAVE_MEMORY_H
| #  include <memory.h>
| # endif
| # include <string.h>
| #endif
| #ifdef HAVE_STRINGS_H
| # include <strings.h>
| #endif
| #ifdef HAVE_INTTYPES_H
| # include <inttypes.h>
| #endif
| #ifdef HAVE_STDINT_H
| # include <stdint.h>
| #endif
| #ifdef HAVE_UNISTD_H
| # include <unistd.h>
| #endif
| int
| main ()
| {
| if (sizeof ((__int128)))
| 	    return 0;
|   ;
|   return 0;
| }
configure:12807: result: yes
configure:12818: checking for __builtin_expect
configure:12824: gcc -c -g -O2 -W -std=c89 -pedantic -Wall -Wextra -Wcast-align -Wnested-externs -Wshadow -Wstrict-prototypes -Wno-unused-function -Wno-long-long -Wno-overlength-strings  conftest.c >&5
conftest.c:24:6: warning: function declaration isn't a prototype [-Wstrict-prototypes]
 void myfunc() {__builtin_expect(0,0);}
      ^~~~~~
conftest.c: In function 'myfunc':
conftest.c:24:16: warning: statement with no effect [-Wunused-value]
 void myfunc() {__builtin_expect(0,0);}
                ^~~~~~~~~~~~~~~~
configure:12824: $? = 0
configure:12825: result: yes
configure:12836: checking for  __builtin_clzll
configure:12842: gcc -c -g -O2 -W -std=c89 -pedantic -Wall -Wextra -Wcast-align -Wnested-externs -Wshadow -Wstrict-prototypes -Wno-unused-function -Wno-long-long -Wno-overlength-strings  conftest.c >&5
conftest.c:25:6: warning: function declaration isn't a prototype [-Wstrict-prototypes]
 void myfunc() { __builtin_clzll(1);}
      ^~~~~~
conftest.c: In function 'myfunc':
conftest.c:25:17: warning: statement with no effect [-Wunused-value]
 void myfunc() { __builtin_clzll(1);}
                 ^~~~~~~~~~~~~~~
configure:12842: $? = 0
configure:12843: result: yes
configure:12856: checking for x86_64 assembly availability
configure:12873: gcc -c -g -O2 -W -std=c89 -pedantic -Wall -Wextra -Wcast-align -Wnested-externs -Wshadow -Wstrict-prototypes -Wno-unused-function -Wno-long-long -Wno-overlength-strings  conftest.c >&5
conftest.c:29:1: warning: function declaration isn't a prototype [-Wstrict-prototypes]
 main ()
 ^~~~
conftest.c: In function 'main':
conftest.c:33:3: warning: 'tmp' is used uninitialized in this function [-Wuninitialized]
   __asm__ __volatile__("movq SECP_64BIT_ASM_CHECKx100000000,%1; mulq %%rsi" : "+a"(a) : "S"(tmp) : "cc", "%rdx");
   ^~~~~~~
configure:12873: $? = 0
configure:12879: result: yes
configure:13221: checking for CRYPTO
configure:13228: $PKG_CONFIG --exists --print-errors "libcrypto"
configure:13231: $? = 0
configure:13245: $PKG_CONFIG --exists --print-errors "libcrypto"
configure:13248: $? = 0
configure:13286: result: yes
configure:13293: checking for main in -lcrypto
configure:13312: gcc -o conftest -g -O2 -W -std=c89 -pedantic -Wall -Wextra -Wcast-align -Wnested-externs -Wshadow -Wstrict-prototypes -Wno-unused-function -Wno-long-long -Wno-overlength-strings   conftest.c -lcrypto   -lcrypto >&5
conftest.c:35:1: warning: function declaration isn't a prototype [-Wstrict-prototypes]
 main ()
 ^~~~
configure:13312: $? = 0
configure:13321: result: yes
configure:13380: checking for EC functions in libcrypto
configure:13401: gcc -c -g -O2 -W -std=c89 -pedantic -Wall -Wextra -Wcast-align -Wnested-externs -Wshadow -Wstrict-prototypes -Wno-unused-function -Wno-long-long -Wno-overlength-strings  conftest.c >&5
conftest.c:38:1: warning: function declaration isn't a prototype [-Wstrict-prototypes]
 main ()
 ^~~~
configure:13401: $? = 0
configure:13407: result: yes
configure:13438: checking whether byte ordering is bigendian
configure:13453: gcc -c -g -O2 -W -std=c89 -pedantic -Wall -Wextra -Wcast-align -Wnested-externs -Wshadow -Wstrict-prototypes -Wno-unused-function -Wno-long-long -Wno-overlength-strings  conftest.c >&5
conftest.c:35:9: error: unknown type name 'not'
         not a universal capable compiler
         ^~~
conftest.c:35:15: error: expected '=', ',', ';', 'asm' or '__attribute__' before 'universal'
         not a universal capable compiler
               ^~~~~~~~~
conftest.c:35:15: error: unknown type name 'universal'
configure:13453: $? = 1
configure: failed program was:
| /* confdefs.h */
| #define PACKAGE_NAME "libsecp256k1"
| #define PACKAGE_TARNAME "libsecp256k1"
| #define PACKAGE_VERSION "0.1"
| #define PACKAGE_STRING "libsecp256k1 0.1"
| #define PACKAGE_BUGREPORT ""
| #define PACKAGE_URL ""
| #define PACKAGE "libsecp256k1"
| #define VERSION "0.1"
| #define STDC_HEADERS 1
| #define HAVE_SYS_TYPES_H 1
| #define HAVE_SYS_STAT_H 1
| #define HAVE_STDLIB_H 1
| #define HAVE_STRING_H 1
| #define HAVE_MEMORY_H 1
| #define HAVE_STRINGS_H 1
| #define HAVE_INTTYPES_H 1
| #define HAVE_STDINT_H 1
| #define HAVE_UNISTD_H 1
| #define HAVE_DLFCN_H 1
| #define LT_OBJDIR ".libs/"
| #define HAVE___INT128 1
| #define HAVE_BUILTIN_EXPECT 1
| #define HAVE_BUILTIN_CLZLL 1
| #define USE_ASM_X86_64 1
| #define USE_FIELD_5X52 1
| #define USE_NUM_NONE 1
| #define USE_FIELD_INV_BUILTIN 1
| #define USE_SCALAR_INV_BUILTIN 1
| #define USE_SCALAR_4X64 1
| #define HAVE_LIBCRYPTO 1
| #define ENABLE_OPENSSL_TESTS 1
| /* end confdefs.h.  */
| #ifndef __APPLE_CC__
| 	       not a universal capable compiler
| 	     #endif
| 	     typedef int dummy;
| 
configure:13498: gcc -c -g -O2 -W -std=c89 -pedantic -Wall -Wextra -Wcast-align -Wnested-externs -Wshadow -Wstrict-prototypes -Wno-unused-function -Wno-long-long -Wno-overlength-strings  conftest.c >&5
conftest.c:38:1: warning: function declaration isn't a prototype [-Wstrict-prototypes]
 main ()
 ^~~~
conftest.c: In function 'main':
conftest.c:41:8: error: unknown type name 'bogus'
        bogus endian macros
        ^~~~~
conftest.c:41:21: error: expected '=', ',', ';', 'asm' or '__attribute__' before 'macros'
        bogus endian macros
                     ^~~~~~
configure:13498: $? = 1
configure: failed program was:
| /* confdefs.h */
| #define PACKAGE_NAME "libsecp256k1"
| #define PACKAGE_TARNAME "libsecp256k1"
| #define PACKAGE_VERSION "0.1"
| #define PACKAGE_STRING "libsecp256k1 0.1"
| #define PACKAGE_BUGREPORT ""
| #define PACKAGE_URL ""
| #define PACKAGE "libsecp256k1"
| #define VERSION "0.1"
| #define STDC_HEADERS 1
| #define HAVE_SYS_TYPES_H 1
| #define HAVE_SYS_STAT_H 1
| #define HAVE_STDLIB_H 1
| #define HAVE_STRING_H 1
| #define HAVE_MEMORY_H 1
| #define HAVE_STRINGS_H 1
| #define HAVE_INTTYPES_H 1
| #define HAVE_STDINT_H 1
| #define HAVE_UNISTD_H 1
| #define HAVE_DLFCN_H 1
| #define LT_OBJDIR ".libs/"
| #define HAVE___INT128 1
| #define HAVE_BUILTIN_EXPECT 1
| #define HAVE_BUILTIN_CLZLL 1
| #define USE_ASM_X86_64 1
| #define USE_FIELD_5X52 1
| #define USE_NUM_NONE 1
| #define USE_FIELD_INV_BUILTIN 1
| #define USE_SCALAR_INV_BUILTIN 1
| #define USE_SCALAR_4X64 1
| #define HAVE_LIBCRYPTO 1
| #define ENABLE_OPENSSL_TESTS 1
| /* end confdefs.h.  */
| #include <sys/types.h>
| 	     #include <sys/param.h>
| 
| int
| main ()
| {
| #if ! (defined BYTE_ORDER && defined BIG_ENDIAN 		     && defined LITTLE_ENDIAN && BYTE_ORDER && BIG_ENDIAN 		     && LITTLE_ENDIAN)
| 	      bogus endian macros
| 	     #endif
| 
|   ;
|   return 0;
| }
configure:13542: gcc -c -g -O2 -W -std=c89 -pedantic -Wall -Wextra -Wcast-align -Wnested-externs -Wshadow -Wstrict-prototypes -Wno-unused-function -Wno-long-long -Wno-overlength-strings  conftest.c >&5
conftest.c:37:1: warning: function declaration isn't a prototype [-Wstrict-prototypes]
 main ()
 ^~~~
conftest.c: In function 'main':
conftest.c:40:8: error: unknown type name 'bogus'
        bogus endian macros
        ^~~~~
conftest.c:40:21: error: expected '=', ',', ';', 'asm' or '__attribute__' before 'macros'
        bogus endian macros
                     ^~~~~~
configure:13542: $? = 1
configure: failed program was:
| /* confdefs.h */
| #define PACKAGE_NAME "libsecp256k1"
| #define PACKAGE_TARNAME "libsecp256k1"
| #define PACKAGE_VERSION "0.1"
| #define PACKAGE_STRING "libsecp256k1 0.1"
| #define PACKAGE_BUGREPORT ""
| #define PACKAGE_URL ""
| #define PACKAGE "libsecp256k1"
| #define VERSION "0.1"
| #define STDC_HEADERS 1
| #define HAVE_SYS_TYPES_H 1
| #define HAVE_SYS_STAT_H 1
| #define HAVE_STDLIB_H 1
| #define HAVE_STRING_H 1
| #define HAVE_MEMORY_H 1
| #define HAVE_STRINGS_H 1
| #define HAVE_INTTYPES_H 1
| #define HAVE_STDINT_H 1
| #define HAVE_UNISTD_H 1
| #define HAVE_DLFCN_H 1
| #define LT_OBJDIR ".libs/"
| #define HAVE___INT128 1
| #define HAVE_BUILTIN_EXPECT 1
| #define HAVE_BUILTIN_CLZLL 1
| #define USE_ASM_X86_64 1
| #define USE_FIELD_5X52 1
| #define USE_NUM_NONE 1
| #define USE_FIELD_INV_BUILTIN 1
| #define USE_SCALAR_INV_BUILTIN 1
| #define USE_SCALAR_4X64 1
| #define HAVE_LIBCRYPTO 1
| #define ENABLE_OPENSSL_TESTS 1
| /* end confdefs.h.  */
| #include <limits.h>
| 
| int
| main ()
| {
| #if ! (defined _LITTLE_ENDIAN || defined _BIG_ENDIAN)
| 	      bogus endian macros
| 	     #endif
| 
|   ;
|   return 0;
| }
configure:13633: gcc -o conftest -g -O2 -W -std=c89 -pedantic -Wall -Wextra -Wcast-align -Wnested-externs -Wshadow -Wstrict-prototypes -Wno-unused-function -Wno-long-long -Wno-overlength-strings   conftest.c  >&5
conftest.c:68:1: warning: function declaration isn't a prototype [-Wstrict-prototypes]
 main ()
 ^~~~
configure:13633: $? = 0
configure:13633: ./conftest
configure:13633: $? = 0
configure:13644: result: no
configure:13663: Using assembly optimizations: x86_64
configure:13665: Using field implementation: 64bit
configure:13667: Using bignum implementation: no
configure:13669: Using scalar implementation: 64bit
configure:13671: Using endomorphism optimizations: no
configure:13812: checking that generated files are newer than configure
configure:13818: result: done
configure:13850: creating ./config.status

## ---------------------- ##
## Running config.status. ##
## ---------------------- ##

This file was extended by libsecp256k1 config.status 0.1, which was
generated by GNU Autoconf 2.69.  Invocation command line was

  CONFIG_FILES    = 
  CONFIG_HEADERS  = 
  CONFIG_LINKS    = 
  CONFIG_COMMANDS = 
  $ ./config.status 

on a547fc60686b

config.status:1112: creating Makefile
config.status:1112: creating libsecp256k1.pc
config.status:1112: creating src/libsecp256k1-config.h
config.status:1278: src/libsecp256k1-config.h is unchanged
config.status:1326: executing depfiles commands
config.status:1326: executing libtool commands

## ---------------- ##
## Cache variables. ##
## ---------------- ##

ac_cv_build=x86_64-pc-linux-gnu
ac_cv_c_bigendian=no
ac_cv_c_compiler_gnu=yes
ac_cv_env_CC_set=
ac_cv_env_CC_value=
ac_cv_env_CFLAGS_set=
ac_cv_env_CFLAGS_value=
ac_cv_env_CPPFLAGS_set=
ac_cv_env_CPPFLAGS_value=
ac_cv_env_CPP_set=
ac_cv_env_CPP_value=
ac_cv_env_CRYPTO_CFLAGS_set=
ac_cv_env_CRYPTO_CFLAGS_value=
ac_cv_env_CRYPTO_LIBS_set=
ac_cv_env_CRYPTO_LIBS_value=
ac_cv_env_LDFLAGS_set=
ac_cv_env_LDFLAGS_value=
ac_cv_env_LIBS_set=
ac_cv_env_LIBS_value=
ac_cv_env_LT_SYS_LIBRARY_PATH_set=
ac_cv_env_LT_SYS_LIBRARY_PATH_value=
ac_cv_env_PKG_CONFIG_LIBDIR_set=
ac_cv_env_PKG_CONFIG_LIBDIR_value=
ac_cv_env_PKG_CONFIG_PATH_set=
ac_cv_env_PKG_CONFIG_PATH_value=
ac_cv_env_PKG_CONFIG_set=
ac_cv_env_PKG_CONFIG_value=
ac_cv_env_build_alias_set=
ac_cv_env_build_alias_value=
ac_cv_env_host_alias_set=
ac_cv_env_host_alias_value=
ac_cv_env_target_alias_set=
ac_cv_env_target_alias_value=
ac_cv_header_dlfcn_h=yes
ac_cv_header_inttypes_h=yes
ac_cv_header_memory_h=yes
ac_cv_header_stdc=yes
ac_cv_header_stdint_h=yes
ac_cv_header_stdlib_h=yes
ac_cv_header_string_h=yes
ac_cv_header_strings_h=yes
ac_cv_header_sys_stat_h=yes
ac_cv_header_sys_types_h=yes
ac_cv_header_unistd_h=yes
ac_cv_host=x86_64-pc-linux-gnu
ac_cv_lib_crypto_main=yes
ac_cv_objext=o
ac_cv_path_EGREP='/bin/grep -E'
ac_cv_path_FGREP='/bin/grep -F'
ac_cv_path_GREP=/bin/grep
ac_cv_path_SED=/bin/sed
ac_cv_path_ac_pt_AR=/usr/bin/ar
ac_cv_path_ac_pt_PKG_CONFIG=/usr/bin/pkg-config
ac_cv_path_ac_pt_RANLIB=/usr/bin/ranlib
ac_cv_path_ac_pt_STRIP=/usr/bin/strip
ac_cv_path_install='/usr/bin/install -c'
ac_cv_path_lt_DD=/bin/dd
ac_cv_path_mkdir=/bin/mkdir
ac_cv_prog_AWK=mawk
ac_cv_prog_CPP='gcc -E'
ac_cv_prog_ac_ct_AR=ar
ac_cv_prog_ac_ct_CC=gcc
ac_cv_prog_ac_ct_OBJDUMP=objdump
ac_cv_prog_ac_ct_RANLIB=ranlib
ac_cv_prog_ac_ct_STRIP=strip
ac_cv_prog_cc_c89=
ac_cv_prog_cc_g=yes
ac_cv_prog_make_make_set=yes
ac_cv_type___int128=yes
am_cv_CC_dependencies_compiler_type=gcc3
am_cv_make_support_nested_variables=yes
am_cv_prog_cc_c_o=yes
lt_cv_ar_at_file=@
lt_cv_archive_cmds_need_lc=no
lt_cv_deplibs_check_method=pass_all
lt_cv_file_magic_cmd='$MAGIC_CMD'
lt_cv_file_magic_test_file=
lt_cv_ld_reload_flag=-r
lt_cv_nm_interface='BSD nm'
lt_cv_objdir=.libs
lt_cv_path_LD=/usr/bin/ld
lt_cv_path_NM='/usr/bin/nm -B'
lt_cv_path_mainfest_tool=no
lt_cv_prog_compiler_c_o=yes
lt_cv_prog_compiler_pic='-fPIC -DPIC'
lt_cv_prog_compiler_pic_works=yes
lt_cv_prog_compiler_rtti_exceptions=no
lt_cv_prog_compiler_static_works=yes
lt_cv_prog_gnu_ld=yes
lt_cv_sharedlib_from_linklib_cmd='printf %s\n'
lt_cv_shlibpath_overrides_runpath=yes
lt_cv_sys_global_symbol_pipe='sed -n -e '\''s/^.*[	 ]\([ABCDGIRSTW][ABCDGIRSTW]*\)[	 ][	 ]*\([_A-Za-z][_A-Za-z0-9]*\)$/\1 \2 \2/p'\'' | sed '\''/ __gnu_lto/d'\'''
lt_cv_sys_global_symbol_to_c_name_address='sed -n -e '\''s/^: \(.*\) .*$/  {"\1", (void *) 0},/p'\'' -e '\''s/^[ABCDGIRSTW][ABCDGIRSTW]* .* \(.*\)$/  {"\1", (void *) \&\1},/p'\'''
lt_cv_sys_global_symbol_to_c_name_address_lib_prefix='sed -n -e '\''s/^: \(.*\) .*$/  {"\1", (void *) 0},/p'\'' -e '\''s/^[ABCDGIRSTW][ABCDGIRSTW]* .* \(lib.*\)$/  {"\1", (void *) \&\1},/p'\'' -e '\''s/^[ABCDGIRSTW][ABCDGIRSTW]* .* \(.*\)$/  {"lib\1", (void *) \&\1},/p'\'''
lt_cv_sys_global_symbol_to_cdecl='sed -n -e '\''s/^T .* \(.*\)$/extern int \1();/p'\'' -e '\''s/^[ABCDGIRSTW][ABCDGIRSTW]* .* \(.*\)$/extern char \1;/p'\'''
lt_cv_sys_global_symbol_to_import=
lt_cv_sys_max_cmd_len=1572864
lt_cv_to_host_file_cmd=func_convert_file_noop
lt_cv_to_tool_file_cmd=func_convert_file_noop
lt_cv_truncate_bin='/bin/dd bs=4096 count=1'
pkg_cv_CRYPTO_CFLAGS=
pkg_cv_CRYPTO_LIBS=-lcrypto

## ----------------- ##
## Output variables. ##
## ----------------- ##

ACLOCAL='${SHELL} /root/crowdwiz-core/libraries/fc/vendor/secp256k1-zkp/build-aux/missing aclocal-1.15'
AMDEPBACKSLASH='\'
AMDEP_FALSE='#'
AMDEP_TRUE=''
AMTAR='$${TAR-tar}'
AM_BACKSLASH='\'
AM_DEFAULT_V='$(AM_DEFAULT_VERBOSITY)'
AM_DEFAULT_VERBOSITY='0'
AM_V='$(V)'
AR='/usr/bin/ar'
AUTOCONF='${SHELL} /root/crowdwiz-core/libraries/fc/vendor/secp256k1-zkp/build-aux/missing autoconf'
AUTOHEADER='${SHELL} /root/crowdwiz-core/libraries/fc/vendor/secp256k1-zkp/build-aux/missing autoheader'
AUTOMAKE='${SHELL} /root/crowdwiz-core/libraries/fc/vendor/secp256k1-zkp/build-aux/missing automake-1.15'
AWK='mawk'
BREW=''
CC='gcc'
CCDEPMODE='depmode=gcc3'
CFLAGS='-g -O2 -W -std=c89 -pedantic -Wall -Wextra -Wcast-align -Wnested-externs -Wshadow -Wstrict-prototypes -Wno-unused-function -Wno-long-long -Wno-overlength-strings'
CPP='gcc -E'
CPPFLAGS=''
CRYPTO_CFLAGS=''
CRYPTO_LIBS='-lcrypto'
CYGPATH_W='echo'
DEFS='-DHAVE_CONFIG_H'
DEPDIR='.deps'
DLLTOOL='false'
DSYMUTIL=''
DUMPBIN=''
ECHO_C=''
ECHO_N='-n'
ECHO_T=''
EGREP='/bin/grep -E'
EXEEXT=''
FGREP='/bin/grep -F'
GREP='/bin/grep'
INSTALL_DATA='${INSTALL} -m 644'
INSTALL_PROGRAM='${INSTALL}'
INSTALL_SCRIPT='${INSTALL}'
INSTALL_STRIP_PROGRAM='$(install_sh) -c -s'
LD='/usr/bin/ld -m elf_x86_64'
LDFLAGS=''
LIBOBJS=''
LIBS=''
LIBTOOL='$(SHELL) $(top_builddir)/libtool'
LIPO=''
LN_S='ln -s'
LTLIBOBJS=''
LT_SYS_LIBRARY_PATH=''
MAKEINFO='${SHELL} /root/crowdwiz-core/libraries/fc/vendor/secp256k1-zkp/build-aux/missing makeinfo'
MANIFEST_TOOL=':'
MKDIR_P='/bin/mkdir -p'
NM='/usr/bin/nm -B'
NMEDIT=''
OBJDUMP='objdump'
OBJEXT='o'
OTOOL64=''
OTOOL=''
PACKAGE='libsecp256k1'
PACKAGE_BUGREPORT=''
PACKAGE_NAME='libsecp256k1'
PACKAGE_STRING='libsecp256k1 0.1'
PACKAGE_TARNAME='libsecp256k1'
PACKAGE_URL=''
PACKAGE_VERSION='0.1'
PATH_SEPARATOR=':'
PKG_CONFIG='/usr/bin/pkg-config'
PKG_CONFIG_LIBDIR=''
PKG_CONFIG_PATH=''
PORT=''
RANLIB='/usr/bin/ranlib'
SECP_INCLUDES=''
SECP_LIBS=''
SECP_TEST_INCLUDES=' '
SECP_TEST_LIBS='-lcrypto'
SED='/bin/sed'
SET_MAKE=''
SHELL='/bin/bash'
STRIP='/usr/bin/strip'
USE_BENCHMARK_FALSE=''
USE_BENCHMARK_TRUE='#'
USE_TESTS_FALSE='#'
USE_TESTS_TRUE=''
VERSION='0.1'
ac_ct_AR='ar'
ac_ct_CC='gcc'
ac_ct_DUMPBIN=''
am__EXEEXT_FALSE=''
am__EXEEXT_TRUE='#'
am__fastdepCC_FALSE='#'
am__fastdepCC_TRUE=''
am__include='include'
am__isrc=' -I$(srcdir)'
am__leading_dot='.'
am__nodep='_no'
am__quote=''
am__tar='$${TAR-tar} chof - "$$tardir"'
am__untar='$${TAR-tar} xf -'
bindir='${exec_prefix}/bin'
build='x86_64-pc-linux-gnu'
build_alias=''
build_cpu='x86_64'
build_os='linux-gnu'
build_vendor='pc'
datadir='${datarootdir}'
datarootdir='${prefix}/share'
docdir='${datarootdir}/doc/${PACKAGE_TARNAME}'
dvidir='${docdir}'
exec_prefix='${prefix}'
host='x86_64-pc-linux-gnu'
host_alias=''
host_cpu='x86_64'
host_os='linux-gnu'
host_vendor='pc'
htmldir='${docdir}'
includedir='${prefix}/include'
infodir='${datarootdir}/info'
install_sh='${SHELL} /root/crowdwiz-core/libraries/fc/vendor/secp256k1-zkp/build-aux/install-sh'
libdir='${exec_prefix}/lib'
libexecdir='${exec_prefix}/libexec'
localedir='${datarootdir}/locale'
localstatedir='${prefix}/var'
mandir='${datarootdir}/man'
mkdir_p='$(MKDIR_P)'
oldincludedir='/usr/include'
pdfdir='${docdir}'
prefix='/root/crowdwiz-core/libraries/fc/vendor/secp256k1-zkp'
program_transform_name='s,x,x,'
psdir='${docdir}'
runstatedir='${localstatedir}/run'
sbindir='${exec_prefix}/sbin'
sharedstatedir='${prefix}/com'
sysconfdir='${prefix}/etc'
target_alias=''

## ----------- ##
## confdefs.h. ##
## ----------- ##

/* confdefs.h */
#define PACKAGE_NAME "libsecp256k1"
#define PACKAGE_TARNAME "libsecp256k1"
#define PACKAGE_VERSION "0.1"
#define PACKAGE_STRING "libsecp256k1 0.1"
#define PACKAGE_BUGREPORT ""
#define PACKAGE_URL ""
#define PACKAGE "libsecp256k1"
#define VERSION "0.1"
#define STDC_HEADERS 1
#define HAVE_SYS_TYPES_H 1
#define HAVE_SYS_STAT_H 1
#define HAVE_STDLIB_H 1
#define HAVE_STRING_H 1
#define HAVE_MEMORY_H 1
#define HAVE_STRINGS_H 1
#define HAVE_INTTYPES_H 1
#define HAVE_STDINT_H 1
#define HAVE_UNISTD_H 1
#define HAVE_DLFCN_H 1
#define LT_OBJDIR ".libs/"
#define HAVE___INT128 1
#define HAVE_BUILTIN_EXPECT 1
#define HAVE_BUILTIN_CLZLL 1
#define USE_ASM_X86_64 1
#define USE_FIELD_5X52 1
#define USE_NUM_NONE 1
#define USE_FIELD_INV_BUILTIN 1
#define USE_SCALAR_INV_BUILTIN 1
#define USE_SCALAR_4X64 1
#define HAVE_LIBCRYPTO 1
#define ENABLE_OPENSSL_TESTS 1

configure: exit 0
